<?xml version="1.0" encoding="UTF-8"?>
<testng-results ignored="4" total="7" passed="3" failed="0" skipped="0">
  <reporter-output>
  </reporter-output>
  <suite started-at="2022-11-14T09:11:01Z" name="Suite" finished-at="2022-11-14T09:11:11Z" duration-ms="10485">
    <groups>
    </groups>
    <test started-at="2022-11-14T09:11:01Z" name="Test" finished-at="2022-11-14T09:11:11Z" duration-ms="10485">
      <class name="testcases.TC001_Login">
        <test-method is-config="true" signature="initiateDriverInstance()[pri:0, instance:testcases.TC001_Login@6a0ac48e]" started-at="2022-11-14T09:10:46Z" name="initiateDriverInstance" finished-at="2022-11-14T09:11:01Z" duration-ms="14421" status="PASS">
          <reporter-output>
          </reporter-output>
        </test-method> <!-- initiateDriverInstance -->
        <test-method signature="login(java.lang.String, java.lang.String)[pri:0, instance:testcases.TC001_Login@6a0ac48e]" started-at="2022-11-14T09:11:02Z" name="login" data-provider="Authentication" finished-at="2022-11-14T09:11:08Z" duration-ms="5772" status="PASS">
          <params>
            <param index="0">
              <value>
                <![CDATA[standard_user]]>
              </value>
            </param>
            <param index="1">
              <value>
                <![CDATA[secret_sauce]]>
              </value>
            </param>
          </params>
          <reporter-output>
          </reporter-output>
        </test-method> <!-- login -->
        <test-method is-config="true" signature="closeDriverInstance()[pri:0, instance:testcases.TC001_Login@6a0ac48e]" started-at="2022-11-14T09:11:11Z" name="closeDriverInstance" finished-at="2022-11-14T09:11:11Z" duration-ms="1" status="PASS">
          <reporter-output>
          </reporter-output>
        </test-method> <!-- closeDriverInstance -->
      </class> <!-- testcases.TC001_Login -->
      <class name="testcases.TC002_AddProducts">
        <test-method signature="addProducts()[pri:0, instance:testcases.TC002_AddProducts@38704ff0]" started-at="2022-11-14T09:11:08Z" name="addProducts" finished-at="2022-11-14T09:11:10Z" duration-ms="1409" status="PASS">
          <reporter-output>
          </reporter-output>
        </test-method> <!-- addProducts -->
      </class> <!-- testcases.TC002_AddProducts -->
      <class name="testcases.TC003_ResetAppStateLogout">
        <test-method signature="login()[pri:0, instance:testcases.TC003_ResetAppStateLogout@16ade133]" started-at="2022-11-14T09:11:10Z" name="login" finished-at="2022-11-14T09:11:11Z" duration-ms="1289" status="PASS">
          <reporter-output>
          </reporter-output>
        </test-method> <!-- login -->
      </class> <!-- testcases.TC003_ResetAppStateLogout -->
    </test> <!-- Test -->
  </suite> <!-- Suite -->
</testng-results>
