<?xml version="1.0" encoding="UTF-8"?>
<!-- Generated by org.testng.reporters.JUnitXMLReporter -->
<testsuite ignored="4" hostname="dxb-1rstwap-09.dxb1rstwap.com" failures="0" tests="3" name="Test" time="10.485" errors="0" timestamp="14 Nov 2022 09:11:11 GMT">
  <testcase classname="testcases.TC001_Login" name="login" time="5.772"/>
  <testcase classname="testcases.TC002_AddProducts" name="addProducts" time="1.409"/>
  <testcase classname="testcases.TC003_ResetAppStateLogout" name="login" time="1.289"/>
  <testcase classname="commonMethods.DriverInstanceIndependent" name="@BeforeSuite initiateDriverInstance" time="0.0">
    <ignored/>
  </testcase> <!-- @BeforeSuite initiateDriverInstance -->
  <testcase classname="commonMethods.DriverInstanceIndependent" name="@BeforeSuite initiateDriverInstance" time="0.0">
    <ignored/>
  </testcase> <!-- @BeforeSuite initiateDriverInstance -->
  <testcase classname="commonMethods.DriverInstanceIndependent" name="@AfterSuite closeDriverInstance" time="0.0">
    <ignored/>
  </testcase> <!-- @AfterSuite closeDriverInstance -->
  <testcase classname="commonMethods.DriverInstanceIndependent" name="@AfterSuite closeDriverInstance" time="0.0">
    <ignored/>
  </testcase> <!-- @AfterSuite closeDriverInstance -->
</testsuite> <!-- Test -->
